[+] Containers:
 |- [+] Container: /Game/FirstPerson/Maps/FirstPersonMap
 |   |- [+] ActorDescs:
 |   |   |- Guid:04725674489397034280AB908A17DFA0 BaseClass:/Game/Instances/BPP_Seating_Areas.BPP_Seating_Areas_C NativeClass:/Script/Engine.PackedLevelActor Name:BPP_Seating_Areas_C_UAID_40167EADD42AB0BA01_2046567576 Label:BPP_Seating_Areas SpatiallyLoaded:1 Bounds:IsValid=true, Min=(X=3457.027 Y=1453.857 Z=0.000), Max=(X=3782.973 Y=1771.143 Z=115.351) RuntimeGrid:None EditorOnly:0 RuntimeOnly:0 HLODRelevant:1 FolderPath:Dambuster lounge funiture FolderGuid:A8C7086A48A0A9FE6D29AFB5ABF52D81
 |   |   |- Guid:06DA2D4F479C2F2A6A15CDA0551F47F2 BaseClass: NativeClass:/Script/Engine.StaticMeshActor Name:StaticMeshActor_UAID_40167EADD42AAFBA01_2032406385 Label:SM_DoorFrame2 SpatiallyLoaded:1 Bounds:IsValid=true, Min=(X=147.389 Y=4576.286 Z=0.000), Max=(X=271.660 Y=4601.236 Z=209.680) RuntimeGrid:None EditorOnly:0 RuntimeOnly:0 HLODRelevant:1 FolderPath:Doors and door frames FolderGuid:32D220F44C8D0F9EA3536EB234CFC75E
 |   |   |- Guid:1240BBB1487E4B6249E2299AC840D271 BaseClass: NativeClass:/Script/Engine.StaticMeshActor Name:StaticMeshActor_UAID_40167EADD42AADBA01_1973238026 Label:Wall_Door_400x401 SpatiallyLoaded:1 Bounds:IsValid=true, Min=(X=10.000 Y=4580.000 Z=0.000), Max=(X=410.000 Y=4600.000 Z=400.000) RuntimeGrid:None EditorOnly:0 RuntimeOnly:0 HLODRelevant:1 FolderPath:Inner walls FolderGuid:7FDD738B495D6F403C3D7084D9F95E77
 |   |   |- Guid:248ACFFB4EC6106048E5A9AF02B3942F BaseClass: NativeClass:/Script/Engine.TriggerBox Name:TriggerBox_UAID_40167EADD42A68BA01_1932450879 Label:TriggerBox SpatiallyLoaded:1 Bounds:IsValid=true, Min=(X=108.750 Y=51.250 Z=3.750), Max=(X=591.250 Y=388.750 Z=236.250) RuntimeGrid:None EditorOnly:0 RuntimeOnly:0 HLODRelevant:0 FolderPath:AI nav mesh & trigger box FolderGuid:0B2FEF2545DA7E9346876887008B01A9
 |   |   |- Guid:2A25ACB543E907CAD6FCA69C70835881 BaseClass: NativeClass:/Script/Engine.StaticMeshActor Name:StaticMeshActor_UAID_40167EADD42AADBA01_2097858027 Label:Wall_400x406 SpatiallyLoaded:1 Bounds:IsValid=true, Min=(X=30.000 Y=2140.000 Z=0.000), Max=(X=2730.000 Y=2160.000 Z=400.000) RuntimeGrid:None EditorOnly:0 RuntimeOnly:0 HLODRelevant:1 FolderPath:Inner walls FolderGuid:7FDD738B495D6F403C3D7084D9F95E77
 |   |   |- Guid:2E8A23B34A68149A39169A86C5B5E3E7 BaseClass:/Game/Instances/BPP_Seating_Areas.BPP_Seating_Areas_C NativeClass:/Script/Engine.PackedLevelActor Name:BPP_Seating_Areas_C_UAID_40167EADD42AB1BA01_1094662761 Label:BPP_Seating_Areas9 SpatiallyLoaded:1 Bounds:IsValid=true, Min=(X=4575.698 Y=2228.686 Z=0.000), Max=(X=4904.302 Y=2547.894 Z=115.351) RuntimeGrid:None EditorOnly:0 RuntimeOnly:0 HLODRelevant:1 FolderPath:Dambuster lounge funiture FolderGuid:A8C7086A48A0A9FE6D29AFB5ABF52D81
 |   |   |- Guid:2FA8E7A7410A74E85A5B5E8A26203CAF BaseClass:/Game/Instances/BPP_Seating_Areas.BPP_Seating_Areas_C NativeClass:/Script/Engine.PackedLevelActor Name:BPP_Seating_Areas_C_UAID_40167EADD42AB0BA01_2096769578 Label:Seating_Areas2 SpatiallyLoaded:1 Bounds:IsValid=true, Min=(X=4346.729 Y=3748.773 Z=0.000), Max=(X=4653.271 Y=4047.655 Z=115.351) RuntimeGrid:None EditorOnly:0 RuntimeOnly:0 HLODRelevant:1 FolderPath:Dambuster lounge funiture FolderGuid:A8C7086A48A0A9FE6D29AFB5ABF52D81
 |   |   |- Guid:31074C8944E7BEFBC65D599BBE785796 BaseClass: NativeClass:/Script/NavigationSystem.NavMeshBoundsVolume Name:NavMeshBoundsVolume_UAID_40167EADD42AC9B901_2145656902 Label:NavMeshBoundsVolume SpatiallyLoaded:0 Bounds:IsValid=true, Min=(X=45.000 Y=5.000 Z=-5.000), Max=(X=3195.000 Y=2155.000 Z=445.000) RuntimeGrid:None EditorOnly:0 RuntimeOnly:0 HLODRelevant:0 FolderPath:AI nav mesh & trigger box FolderGuid:0B2FEF2545DA7E9346876887008B01A9
 |   |   |- Guid:335640EF428CA8CF513B4C8D0201ACD3 BaseClass:/Game/Instances/BPP_Seating_Areas.BPP_Seating_Areas_C NativeClass:/Script/Engine.PackedLevelActor Name:BPP_Seating_Areas_C_UAID_40167EADD42AB1BA01_1155525763 Label:BPP_Seating_Areas11 SpatiallyLoaded:1 Bounds:IsValid=true, Min=(X=4250.201 Y=993.156 Z=0.000), Max=(X=4536.227 Y=1286.844 Z=115.351) RuntimeGrid:None EditorOnly:0 RuntimeOnly:0 HLODRelevant:1 FolderPath:Dambuster lounge funiture FolderGuid:A8C7086A48A0A9FE6D29AFB5ABF52D81
 |   |   |- Guid:4A5F4CFA47F1C5FF58FDB484CD3B2246 BaseClass: NativeClass:/Script/Engine.StaticMeshActor Name:StaticMeshActor_UAID_40167EADD42A7DBA01_1359873576 Label:Wall_400x401 SpatiallyLoaded:1 Bounds:IsValid=true, Min=(X=4980.000 Y=-20.000 Z=0.000), Max=(X=5000.000 Y=4980.000 Z=400.000) RuntimeGrid:None EditorOnly:0 RuntimeOnly:0 HLODRelevant:1 FolderPath:Outer walls FolderGuid:40F724684178A6093C1F7698EED7C80E
 |   |   |- Guid:5191C2D2460363779A2EF4BE81D5EF99 BaseClass: NativeClass:/Script/Engine.StaticMeshActor Name:StaticMeshActor_UAID_40167EADD42AB0BA01_1258702562 Label:SM_Door3 SpatiallyLoaded:1 Bounds:IsValid=true, Min=(X=2898.108 Y=2137.635 Z=0.000), Max=(X=3022.889 Y=2157.214 Z=200.000) RuntimeGrid:None EditorOnly:0 RuntimeOnly:0 HLODRelevant:1 FolderPath:Doors and door frames FolderGuid:32D220F44C8D0F9EA3536EB234CFC75E
 |   |   |- Guid:5301EAD043FC9A7D79050DA50145AC11 BaseClass:/Game/Instances/BPP_Seating_Areas.BPP_Seating_Areas_C NativeClass:/Script/Engine.PackedLevelActor Name:BPP_Seating_Areas_C_UAID_40167EADD42AB1BA01_1076008758 Label:BPP_Seating_Areas6 SpatiallyLoaded:1 Bounds:IsValid=true, Min=(X=3555.698 Y=2598.686 Z=0.000), Max=(X=3884.302 Y=2917.894 Z=115.351) RuntimeGrid:None EditorOnly:0 RuntimeOnly:0 HLODRelevant:1 FolderPath:Dambuster lounge funiture FolderGuid:A8C7086A48A0A9FE6D29AFB5ABF52D81
 |   |   |- Guid:5B35F0EE43B9C162B711128D1EE0E65B BaseClass: NativeClass:/Script/Engine.StaticMeshActor Name:StaticMeshActor_UAID_40167EADD42A7DBA01_1534806577 Label:Wall_400x402 SpatiallyLoaded:1 Bounds:IsValid=true, Min=(X=-0.000 Y=-20.000 Z=0.000), Max=(X=5000.000 Y=0.000 Z=400.000) RuntimeGrid:None EditorOnly:0 RuntimeOnly:0 HLODRelevant:1 FolderPath:Outer walls FolderGuid:40F724684178A6093C1F7698EED7C80E
 |   |   |- Guid:5D8500F145E177176A4104A41421FD8D BaseClass: NativeClass:/Script/NavigationSystem.RecastNavMesh Name:RecastNavMesh_UAID_40167EADD42AC8B901-Default Label:RecastNavMesh-Default SpatiallyLoaded:0 Bounds:IsValid=true, Min=(X=0.000 Y=0.000 Z=0.000), Max=(X=0.000 Y=0.000 Z=0.000) RuntimeGrid:None EditorOnly:0 RuntimeOnly:0 HLODRelevant:0 FolderPath:Nav mesh FolderGuid:0B2FEF2545DA7E9346876887008B01A9
 |   |   |- Guid:5D901A4B462915722860DC837211109A BaseClass:/Game/Instances/BPP_Seating_Areas.BPP_Seating_Areas_C NativeClass:/Script/Engine.PackedLevelActor Name:BPP_Seating_Areas_C_UAID_40167EADD42AB0BA01_2076270577 Label:BPP_Seating_Areas2 SpatiallyLoaded:1 Bounds:IsValid=true, Min=(X=3455.698 Y=3158.686 Z=0.000), Max=(X=3784.302 Y=3477.894 Z=115.351) RuntimeGrid:None EditorOnly:0 RuntimeOnly:0 HLODRelevant:1 FolderPath:Dambuster lounge funiture FolderGuid:A8C7086A48A0A9FE6D29AFB5ABF52D81
 |   |   |- Guid:667221C147D9411306D9C3A14E86807E BaseClass: NativeClass:/Script/Engine.StaticMeshActor Name:StaticMeshActor_UAID_40167EADD42AAFBA01_1710369383 Label:SM_DoorFrame SpatiallyLoaded:1 Bounds:IsValid=true, Min=(X=3197.581 Y=4717.875 Z=0.000), Max=(X=3222.419 Y=4842.125 Z=209.680) RuntimeGrid:None EditorOnly:0 RuntimeOnly:0 HLODRelevant:1 FolderPath:Doors and door frames FolderGuid:32D220F44C8D0F9EA3536EB234CFC75E
 |   |   |- Guid:6ACF73AB4F006391570AC3BEC08D92BA BaseClass:/Game/Instances/BPP_Seating_Areas.BPP_Seating_Areas_C NativeClass:/Script/Engine.PackedLevelActor Name:BPP_Seating_Areas_C_UAID_40167EADD42AB1BA01_1144661762 Label:BPP_Seating_Areas10 SpatiallyLoaded:1 Bounds:IsValid=true, Min=(X=3600.201 Y=903.156 Z=0.000), Max=(X=3886.227 Y=1196.844 Z=115.351) RuntimeGrid:None EditorOnly:0 RuntimeOnly:0 HLODRelevant:1 FolderPath:Dambuster lounge funiture FolderGuid:A8C7086A48A0A9FE6D29AFB5ABF52D81
 |   |   |- Guid:6B8683994055F7C2DC956E943E610E60 BaseClass: NativeClass:/Script/Engine.StaticMeshActor Name:StaticMeshActor_UAID_40167EADD42AAEBA01_1089295204 Label:Wall_Door_400x402 SpatiallyLoaded:1 Bounds:IsValid=true, Min=(X=2730.000 Y=2140.000 Z=0.000), Max=(X=3201.987 Y=2160.000 Z=400.000) RuntimeGrid:None EditorOnly:0 RuntimeOnly:0 HLODRelevant:1 FolderPath:Inner walls FolderGuid:7FDD738B495D6F403C3D7084D9F95E77
 |   |   |- Guid:6F04136C493627DB6CC42EB35898768A BaseClass: NativeClass:/Script/Engine.StaticMeshActor Name:StaticMeshActor_UAID_40167EADD42AADBA01_1895194025 Label:Wall_400x405 SpatiallyLoaded:1 Bounds:IsValid=true, Min=(X=410.000 Y=4580.000 Z=0.000), Max=(X=3210.000 Y=4600.000 Z=400.000) RuntimeGrid:None EditorOnly:0 RuntimeOnly:0 HLODRelevant:1 FolderPath:Inner walls FolderGuid:7FDD738B495D6F403C3D7084D9F95E77
 |   |   |- Guid:6FD57496456836CD9113E3B59D278748 BaseClass: NativeClass:/Script/Engine.StaticMeshActor Name:StaticMeshActor_UAID_40167EADD42AADBA01_1245329023 Label:Wall_400x404 SpatiallyLoaded:1 Bounds:IsValid=true, Min=(X=3200.000 Y=-20.000 Z=0.000), Max=(X=3220.000 Y=4580.000 Z=400.000) RuntimeGrid:None EditorOnly:0 RuntimeOnly:0 HLODRelevant:1 FolderPath:Inner walls FolderGuid:7FDD738B495D6F403C3D7084D9F95E77
 |   |   |- Guid:6FEFB3BD4EB37B849EF0D4AC80F83855 BaseClass: NativeClass:/Script/Engine.WorldDataLayers Name:WorldDataLayers Label:WorldDataLayers SpatiallyLoaded:0 Bounds:IsValid=true, Min=(X=0.000 Y=0.000 Z=0.000), Max=(X=0.000 Y=0.000 Z=0.000) RuntimeGrid:None EditorOnly:0 RuntimeOnly:0 HLODRelevant:0
 |   |   |- Guid:78CAF7514C7533F30BD2F19A017AAB65 BaseClass: NativeClass:/Script/Engine.StaticMeshActor Name:StaticMeshActor_0 Label:SM_Cube SpatiallyLoaded:1 Bounds:IsValid=true, Min=(X=0.000 Y=0.000 Z=-50.000), Max=(X=5000.000 Y=5000.000 Z=0.000) RuntimeGrid:None EditorOnly:0 RuntimeOnly:0 HLODRelevant:1 FolderPath:Playground FolderGuid:6C02BB504B69D1F3D7A624B130C18E5B
 |   |   |- Guid:7CE687D04420EDF3AC7F909FFB52A2A2 BaseClass:/Game/Instances/BPP_Seating_Areas.BPP_Seating_Areas_C NativeClass:/Script/Engine.PackedLevelActor Name:BPP_Seating_Areas_C_UAID_40167EADD42AB0BA01_2000096575 Label:Seating_Areas SpatiallyLoaded:1 Bounds:IsValid=true, Min=(X=3692.277 Y=3723.686 Z=0.000), Max=(X=4027.723 Y=4049.734 Z=115.351) RuntimeGrid:None EditorOnly:0 RuntimeOnly:0 HLODRelevant:1 FolderPath:Dambuster lounge funiture FolderGuid:A8C7086A48A0A9FE6D29AFB5ABF52D81
 |   |   |- Guid:8DE9A17F4E6E49550DC1B7994A172EE7 BaseClass: NativeClass:/Script/Engine.StaticMeshActor Name:StaticMeshActor_UAID_40167EADD42A7CBA01_1845807399 Label:Wall_400x400 SpatiallyLoaded:1 Bounds:IsValid=true, Min=(X=-0.000 Y=4980.000 Z=0.000), Max=(X=5000.000 Y=5000.000 Z=400.000) RuntimeGrid:None EditorOnly:0 RuntimeOnly:0 HLODRelevant:1 FolderPath:Outer walls FolderGuid:40F724684178A6093C1F7698EED7C80E
 |   |   |- Guid:931AA5B04DC78865BA2287AACB7EE359 BaseClass:/Game/Instances/BPP_Seating_Areas.BPP_Seating_Areas_C NativeClass:/Script/Engine.PackedLevelActor Name:BPP_Seating_Areas_C_UAID_40167EADD42AB0BA01_2142202581 Label:BPP_Seating_Areas5 SpatiallyLoaded:1 Bounds:IsValid=true, Min=(X=4145.698 Y=2588.686 Z=0.000), Max=(X=4474.302 Y=2907.894 Z=115.351) RuntimeGrid:None EditorOnly:0 RuntimeOnly:0 HLODRelevant:1 FolderPath:Dambuster lounge funiture FolderGuid:A8C7086A48A0A9FE6D29AFB5ABF52D81
 |   |   |- Guid:9A957FEE48DC4A7E08741FBC4B9A4BAC BaseClass:/Game/Instances/BPP_Seating_Areas.BPP_Seating_Areas_C NativeClass:/Script/Engine.PackedLevelActor Name:BPP_Seating_Areas_C_UAID_40167EADD42AB0BA01_2136126580 Label:BPP_Seating_Areas4 SpatiallyLoaded:1 Bounds:IsValid=true, Min=(X=4525.698 Y=3178.686 Z=0.000), Max=(X=4854.302 Y=3497.894 Z=115.351) RuntimeGrid:None EditorOnly:0 RuntimeOnly:0 HLODRelevant:1 FolderPath:Dambuster lounge funiture FolderGuid:A8C7086A48A0A9FE6D29AFB5ABF52D81
 |   |   |- Guid:A0461E2544F7EF717CB62ABBD18BE1F5 BaseClass:/Game/Instances/BPP_Seating_Areas.BPP_Seating_Areas_C NativeClass:/Script/Engine.PackedLevelActor Name:BPP_Seating_Areas_C_UAID_40167EADD42AB1BA01_1171615764 Label:BPP_Seating_Areas12 SpatiallyLoaded:1 Bounds:IsValid=true, Min=(X=4600.201 Y=533.156 Z=0.000), Max=(X=4886.227 Y=826.844 Z=115.351) RuntimeGrid:None EditorOnly:0 RuntimeOnly:0 HLODRelevant:1 FolderPath:Dambuster lounge funiture FolderGuid:A8C7086A48A0A9FE6D29AFB5ABF52D81
 |   |   |- Guid:A354B1B24E617A525DC6B48CCDE2417E BaseClass: NativeClass:/Script/Engine.PlayerStart Name:PlayerStart_0 Label:PlayerStart SpatiallyLoaded:0 Bounds:IsValid=true, Min=(X=4820.000 Y=4320.000 Z=0.013), Max=(X=4900.000 Y=4400.000 Z=184.013) RuntimeGrid:None EditorOnly:0 RuntimeOnly:0 HLODRelevant:0 FolderPath:Player FolderGuid:7EDEF7B34F32BC37915E96A24E800E8C
 |   |   |- Guid:A8DF741B4D0CFF7929017E8D5A2364A2 BaseClass:/Game/Instances/BPP_Seating_Areas.BPP_Seating_Areas_C NativeClass:/Script/Engine.PackedLevelActor Name:BPP_Seating_Areas_C_UAID_40167EADD42AB1BA01_1179640765 Label:BPP_Seating_Areas13 SpatiallyLoaded:1 Bounds:IsValid=true, Min=(X=4030.201 Y=233.156 Z=0.000), Max=(X=4316.227 Y=526.844 Z=115.351) RuntimeGrid:None EditorOnly:0 RuntimeOnly:0 HLODRelevant:1 FolderPath:Dambuster lounge funiture FolderGuid:A8C7086A48A0A9FE6D29AFB5ABF52D81
 |   |   |- Guid:AB0A377C472D1E39E0C3DA9FE6F9BBC7 BaseClass: NativeClass:/Script/Engine.StaticMeshActor Name:StaticMeshActor_UAID_40167EADD42AADBA01_1516722024 Label:Wall_Door_400x400 SpatiallyLoaded:1 Bounds:IsValid=true, Min=(X=3200.000 Y=4580.000 Z=0.000), Max=(X=3220.000 Y=4980.000 Z=400.000) RuntimeGrid:None EditorOnly:0 RuntimeOnly:0 HLODRelevant:1 FolderPath:Inner walls FolderGuid:7FDD738B495D6F403C3D7084D9F95E77
 |   |   |- Guid:ABB26F56406BC5CC8A11E8A2A5D2BCD7 BaseClass:/Game/Instances/BPP_Seating_Areas.BPP_Seating_Areas_C NativeClass:/Script/Engine.PackedLevelActor Name:BPP_Seating_Areas_C_UAID_40167EADD42AB1BA01_1082710759 Label:BPP_Seating_Areas7 SpatiallyLoaded:1 Bounds:IsValid=true, Min=(X=3695.698 Y=2008.686 Z=0.000), Max=(X=4024.302 Y=2327.894 Z=115.351) RuntimeGrid:None EditorOnly:0 RuntimeOnly:0 HLODRelevant:1 FolderPath:Dambuster lounge funiture FolderGuid:A8C7086A48A0A9FE6D29AFB5ABF52D81
 |   |   |- Guid:C0C56B9644AE3D40CAFF6A878DB29844 BaseClass: NativeClass:/Script/Engine.StaticMeshActor Name:StaticMeshActor_UAID_A4AE111137DC5EFB00_2001720423 Label:SM_SkySphere SpatiallyLoaded:0 Bounds:IsValid=true, Min=(X=-1638400.000 Y=-1638400.000 Z=-1638400.000), Max=(X=1638400.000 Y=1638400.000 Z=1638400.000) RuntimeGrid:None EditorOnly:0 RuntimeOnly:0 HLODRelevant:1 FolderPath:Lighting FolderGuid:0BA5F0A04EADB18E70D5B180D08FA34B
 |   |   |- Guid:C1FAE9E74D16A3CF1F0FAEB5D4683F53 BaseClass: NativeClass:/Script/Engine.StaticMeshActor Name:StaticMeshActor_UAID_40167EADD42AAEBA01_1683565205 Label:Box SpatiallyLoaded:1 Bounds:IsValid=true, Min=(X=10.000 Y=10.000 Z=8290.000), Max=(X=5000.000 Y=5000.000 Z=8340.000) RuntimeGrid:None EditorOnly:0 RuntimeOnly:0 HLODRelevant:0 FolderPath:Roof FolderGuid:EA49AC03431BFA04B82DB1A493E88EB0
 |   |   |- Guid:D39FA343435AE77DC84260AD2E3F13A6 BaseClass: NativeClass:/Script/Engine.StaticMeshActor Name:StaticMeshActor_UAID_40167EADD42AAFBA01_2032403384 Label:SM_Door2 SpatiallyLoaded:1 Bounds:IsValid=true, Min=(X=159.472 Y=4578.434 Z=0.000), Max=(X=260.617 Y=4598.333 Z=200.000) RuntimeGrid:None EditorOnly:0 RuntimeOnly:0 HLODRelevant:1 FolderPath:Doors and door frames FolderGuid:32D220F44C8D0F9EA3536EB234CFC75E
 |   |   |- Guid:D4253DDD4F51B9BAB98D95A3ECC87683 BaseClass: NativeClass:/Script/Engine.StaticMeshActor Name:StaticMeshActor_UAID_40167EADD42AB0BA01_1258704563 Label:SM_DoorFrame3 SpatiallyLoaded:1 Bounds:IsValid=true, Min=(X=2884.660 Y=2134.496 Z=0.000), Max=(X=3040.890 Y=2159.475 Z=209.377) RuntimeGrid:None EditorOnly:0 RuntimeOnly:0 HLODRelevant:1 FolderPath:Doors and door frames FolderGuid:32D220F44C8D0F9EA3536EB234CFC75E
 |   |   |- Guid:D71861F6405A9263D6B5768BFE04781C BaseClass: NativeClass:/Script/Engine.StaticMeshActor Name:StaticMeshActor_UAID_40167EADD42AAFBA01_1694755382 Label:SM_Door SpatiallyLoaded:1 Bounds:IsValid=true, Min=(X=3209.251 Y=4728.977 Z=0.000), Max=(X=3229.241 Y=4830.138 Z=200.000) RuntimeGrid:None EditorOnly:0 RuntimeOnly:0 HLODRelevant:1 FolderPath:Doors and door frames FolderGuid:32D220F44C8D0F9EA3536EB234CFC75E
 |   |   |- Guid:E1A3FF0E47891459733BDCB5DC67087E BaseClass:/Game/Instances/BPP_Seating_Areas.BPP_Seating_Areas_C NativeClass:/Script/Engine.PackedLevelActor Name:BPP_Seating_Areas_C_UAID_40167EADD42AB1BA01_1089269760 Label:BPP_Seating_Areas8 SpatiallyLoaded:1 Bounds:IsValid=true, Min=(X=4255.698 Y=1738.686 Z=0.000), Max=(X=4584.302 Y=2057.894 Z=115.351) RuntimeGrid:None EditorOnly:0 RuntimeOnly:0 HLODRelevant:1 FolderPath:Dambuster lounge funiture FolderGuid:A8C7086A48A0A9FE6D29AFB5ABF52D81
 |   |   |- Guid:E52174A54A0D8E299BABA19BDAE25ADB BaseClass: NativeClass:/Script/Engine.StaticMeshActor Name:StaticMeshActor_UAID_40167EADD42A7DBA01_1661669578 Label:Wall_400x403 SpatiallyLoaded:1 Bounds:IsValid=true, Min=(X=-0.000 Y=-10.000 Z=0.000), Max=(X=20.000 Y=4990.000 Z=400.000) RuntimeGrid:None EditorOnly:0 RuntimeOnly:0 HLODRelevant:1 FolderPath:Outer walls FolderGuid:40F724684178A6093C1F7698EED7C80E
 |   |   |- Guid:E5320C1B4FD9764CE7B54D8487AEC613 BaseClass: NativeClass:/Script/Engine.SkyLight Name:SkyLight_0 Label:SkyLight SpatiallyLoaded:0 Bounds:IsValid=true, Min=(X=0.000 Y=0.000 Z=690.000), Max=(X=0.000 Y=0.000 Z=690.000) RuntimeGrid:None EditorOnly:0 RuntimeOnly:0 HLODRelevant:0 FolderPath:Lighting FolderGuid:0BA5F0A04EADB18E70D5B180D08FA34B
 |   |   |- Guid:EE66F4454A4A9F99393F559AB739C05E BaseClass:/Game/FirstPerson/Blueprints/BP_Pickup_Rifle.BP_Pickup_Rifle_C NativeClass:/Script/Engine.Actor Name:BP_Rifle_C_1 Label:BP_Pickup_Rifle SpatiallyLoaded:1 Bounds:IsValid=true, Min=(X=4589.892 Y=4274.917 Z=64.000), Max=(X=4685.083 Y=4365.083 Z=128.000) RuntimeGrid:None EditorOnly:0 RuntimeOnly:0 HLODRelevant:0 FolderPath:Player FolderGuid:7EDEF7B34F32BC37915E96A24E800E8C
 |   |   |- Guid:F5FC096348DC80288AD08581AB5A56E9 BaseClass:/Game/Instances/BPP_Seating_Areas.BPP_Seating_Areas_C NativeClass:/Script/Engine.PackedLevelActor Name:BPP_Seating_Areas_C_UAID_40167EADD42AB0BA01_2129766579 Label:BPP_Seating_Areas3 SpatiallyLoaded:1 Bounds:IsValid=true, Min=(X=3945.698 Y=3168.686 Z=0.000), Max=(X=4274.302 Y=3487.894 Z=115.351) RuntimeGrid:None EditorOnly:0 RuntimeOnly:0 HLODRelevant:1 FolderPath:Dambuster lounge funiture FolderGuid:A8C7086A48A0A9FE6D29AFB5ABF52D81
 |   |   |- Guid:F80621C9446867154938FE81375207DA BaseClass: NativeClass:/Script/Engine.DirectionalLight Name:DirectionalLight_1 Label:DirectionalLight SpatiallyLoaded:0 Bounds:IsValid=true, Min=(X=-4398046511104.000 Y=-4398046511104.000 Z=-4398046511104.000), Max=(X=4398046511104.000 Y=4398046511104.000 Z=4398046511104.000) RuntimeGrid:None EditorOnly:0 RuntimeOnly:0 HLODRelevant:0 FolderPath:Lighting FolderGuid:0BA5F0A04EADB18E70D5B180D08FA34B
 |   |- [+] Clusters:
 |   |   |- [+] [  0]
 |   |   |   |- Guid:F80621C9446867154938FE81375207DA BaseClass: NativeClass:/Script/Engine.DirectionalLight Name:DirectionalLight_1 Label:DirectionalLight SpatiallyLoaded:0 Bounds:IsValid=true, Min=(X=-4398046511104.000 Y=-4398046511104.000 Z=-4398046511104.000), Max=(X=4398046511104.000 Y=4398046511104.000 Z=4398046511104.000) RuntimeGrid:None EditorOnly:0 RuntimeOnly:0 HLODRelevant:0 FolderPath:Lighting FolderGuid:0BA5F0A04EADB18E70D5B180D08FA34B
 |   |   |- [+] [  1]
 |   |   |   |- Guid:248ACFFB4EC6106048E5A9AF02B3942F BaseClass: NativeClass:/Script/Engine.TriggerBox Name:TriggerBox_UAID_40167EADD42A68BA01_1932450879 Label:TriggerBox SpatiallyLoaded:1 Bounds:IsValid=true, Min=(X=108.750 Y=51.250 Z=3.750), Max=(X=591.250 Y=388.750 Z=236.250) RuntimeGrid:None EditorOnly:0 RuntimeOnly:0 HLODRelevant:0 FolderPath:AI nav mesh & trigger box FolderGuid:0B2FEF2545DA7E9346876887008B01A9
 |   |   |- [+] [  2]
 |   |   |   |- Guid:E52174A54A0D8E299BABA19BDAE25ADB BaseClass: NativeClass:/Script/Engine.StaticMeshActor Name:StaticMeshActor_UAID_40167EADD42A7DBA01_1661669578 Label:Wall_400x403 SpatiallyLoaded:1 Bounds:IsValid=true, Min=(X=-0.000 Y=-10.000 Z=0.000), Max=(X=20.000 Y=4990.000 Z=400.000) RuntimeGrid:None EditorOnly:0 RuntimeOnly:0 HLODRelevant:1 FolderPath:Outer walls FolderGuid:40F724684178A6093C1F7698EED7C80E
 |   |   |- [+] [  3]
 |   |   |   |- Guid:EE66F4454A4A9F99393F559AB739C05E BaseClass:/Game/FirstPerson/Blueprints/BP_Pickup_Rifle.BP_Pickup_Rifle_C NativeClass:/Script/Engine.Actor Name:BP_Rifle_C_1 Label:BP_Pickup_Rifle SpatiallyLoaded:1 Bounds:IsValid=true, Min=(X=4589.892 Y=4274.917 Z=64.000), Max=(X=4685.083 Y=4365.083 Z=128.000) RuntimeGrid:None EditorOnly:0 RuntimeOnly:0 HLODRelevant:0 FolderPath:Player FolderGuid:7EDEF7B34F32BC37915E96A24E800E8C
 |   |   |- [+] [  4]
 |   |   |   |- Guid:E5320C1B4FD9764CE7B54D8487AEC613 BaseClass: NativeClass:/Script/Engine.SkyLight Name:SkyLight_0 Label:SkyLight SpatiallyLoaded:0 Bounds:IsValid=true, Min=(X=0.000 Y=0.000 Z=690.000), Max=(X=0.000 Y=0.000 Z=690.000) RuntimeGrid:None EditorOnly:0 RuntimeOnly:0 HLODRelevant:0 FolderPath:Lighting FolderGuid:0BA5F0A04EADB18E70D5B180D08FA34B
 |   |   |- [+] [  5]
 |   |   |   |- Guid:31074C8944E7BEFBC65D599BBE785796 BaseClass: NativeClass:/Script/NavigationSystem.NavMeshBoundsVolume Name:NavMeshBoundsVolume_UAID_40167EADD42AC9B901_2145656902 Label:NavMeshBoundsVolume SpatiallyLoaded:0 Bounds:IsValid=true, Min=(X=45.000 Y=5.000 Z=-5.000), Max=(X=3195.000 Y=2155.000 Z=445.000) RuntimeGrid:None EditorOnly:0 RuntimeOnly:0 HLODRelevant:0 FolderPath:AI nav mesh & trigger box FolderGuid:0B2FEF2545DA7E9346876887008B01A9
 |   |   |- [+] [  6]
 |   |   |   |- Guid:78CAF7514C7533F30BD2F19A017AAB65 BaseClass: NativeClass:/Script/Engine.StaticMeshActor Name:StaticMeshActor_0 Label:SM_Cube SpatiallyLoaded:1 Bounds:IsValid=true, Min=(X=0.000 Y=0.000 Z=-50.000), Max=(X=5000.000 Y=5000.000 Z=0.000) RuntimeGrid:None EditorOnly:0 RuntimeOnly:0 HLODRelevant:1 FolderPath:Playground FolderGuid:6C02BB504B69D1F3D7A624B130C18E5B
 |   |   |- [+] [  7]
 |   |   |   |- Guid:A354B1B24E617A525DC6B48CCDE2417E BaseClass: NativeClass:/Script/Engine.PlayerStart Name:PlayerStart_0 Label:PlayerStart SpatiallyLoaded:0 Bounds:IsValid=true, Min=(X=4820.000 Y=4320.000 Z=0.013), Max=(X=4900.000 Y=4400.000 Z=184.013) RuntimeGrid:None EditorOnly:0 RuntimeOnly:0 HLODRelevant:0 FolderPath:Player FolderGuid:7EDEF7B34F32BC37915E96A24E800E8C
 |   |   |- [+] [  8]
 |   |   |   |- Guid:4A5F4CFA47F1C5FF58FDB484CD3B2246 BaseClass: NativeClass:/Script/Engine.StaticMeshActor Name:StaticMeshActor_UAID_40167EADD42A7DBA01_1359873576 Label:Wall_400x401 SpatiallyLoaded:1 Bounds:IsValid=true, Min=(X=4980.000 Y=-20.000 Z=0.000), Max=(X=5000.000 Y=4980.000 Z=400.000) RuntimeGrid:None EditorOnly:0 RuntimeOnly:0 HLODRelevant:1 FolderPath:Outer walls FolderGuid:40F724684178A6093C1F7698EED7C80E
 |   |   |- [+] [  9]
 |   |   |   |- Guid:5D8500F145E177176A4104A41421FD8D BaseClass: NativeClass:/Script/NavigationSystem.RecastNavMesh Name:RecastNavMesh_UAID_40167EADD42AC8B901-Default Label:RecastNavMesh-Default SpatiallyLoaded:0 Bounds:IsValid=true, Min=(X=0.000 Y=0.000 Z=0.000), Max=(X=0.000 Y=0.000 Z=0.000) RuntimeGrid:None EditorOnly:0 RuntimeOnly:0 HLODRelevant:0 FolderPath:Nav mesh FolderGuid:0B2FEF2545DA7E9346876887008B01A9
 |   |   |- [+] [ 10]
 |   |   |   |- Guid:C0C56B9644AE3D40CAFF6A878DB29844 BaseClass: NativeClass:/Script/Engine.StaticMeshActor Name:StaticMeshActor_UAID_A4AE111137DC5EFB00_2001720423 Label:SM_SkySphere SpatiallyLoaded:0 Bounds:IsValid=true, Min=(X=-1638400.000 Y=-1638400.000 Z=-1638400.000), Max=(X=1638400.000 Y=1638400.000 Z=1638400.000) RuntimeGrid:None EditorOnly:0 RuntimeOnly:0 HLODRelevant:1 FolderPath:Lighting FolderGuid:0BA5F0A04EADB18E70D5B180D08FA34B
 |   |   |- [+] [ 11]
 |   |   |   |- Guid:6FEFB3BD4EB37B849EF0D4AC80F83855 BaseClass: NativeClass:/Script/Engine.WorldDataLayers Name:WorldDataLayers Label:WorldDataLayers SpatiallyLoaded:0 Bounds:IsValid=true, Min=(X=0.000 Y=0.000 Z=0.000), Max=(X=0.000 Y=0.000 Z=0.000) RuntimeGrid:None EditorOnly:0 RuntimeOnly:0 HLODRelevant:0
 |   |   |- [+] [ 12]
 |   |   |   |- Guid:8DE9A17F4E6E49550DC1B7994A172EE7 BaseClass: NativeClass:/Script/Engine.StaticMeshActor Name:StaticMeshActor_UAID_40167EADD42A7CBA01_1845807399 Label:Wall_400x400 SpatiallyLoaded:1 Bounds:IsValid=true, Min=(X=-0.000 Y=4980.000 Z=0.000), Max=(X=5000.000 Y=5000.000 Z=400.000) RuntimeGrid:None EditorOnly:0 RuntimeOnly:0 HLODRelevant:1 FolderPath:Outer walls FolderGuid:40F724684178A6093C1F7698EED7C80E
 |   |   |- [+] [ 13]
 |   |   |   |- Guid:5B35F0EE43B9C162B711128D1EE0E65B BaseClass: NativeClass:/Script/Engine.StaticMeshActor Name:StaticMeshActor_UAID_40167EADD42A7DBA01_1534806577 Label:Wall_400x402 SpatiallyLoaded:1 Bounds:IsValid=true, Min=(X=-0.000 Y=-20.000 Z=0.000), Max=(X=5000.000 Y=0.000 Z=400.000) RuntimeGrid:None EditorOnly:0 RuntimeOnly:0 HLODRelevant:1 FolderPath:Outer walls FolderGuid:40F724684178A6093C1F7698EED7C80E
 |   |   |- [+] [ 14]
 |   |   |   |- Guid:6FD57496456836CD9113E3B59D278748 BaseClass: NativeClass:/Script/Engine.StaticMeshActor Name:StaticMeshActor_UAID_40167EADD42AADBA01_1245329023 Label:Wall_400x404 SpatiallyLoaded:1 Bounds:IsValid=true, Min=(X=3200.000 Y=-20.000 Z=0.000), Max=(X=3220.000 Y=4580.000 Z=400.000) RuntimeGrid:None EditorOnly:0 RuntimeOnly:0 HLODRelevant:1 FolderPath:Inner walls FolderGuid:7FDD738B495D6F403C3D7084D9F95E77
 |   |   |- [+] [ 15]
 |   |   |   |- Guid:AB0A377C472D1E39E0C3DA9FE6F9BBC7 BaseClass: NativeClass:/Script/Engine.StaticMeshActor Name:StaticMeshActor_UAID_40167EADD42AADBA01_1516722024 Label:Wall_Door_400x400 SpatiallyLoaded:1 Bounds:IsValid=true, Min=(X=3200.000 Y=4580.000 Z=0.000), Max=(X=3220.000 Y=4980.000 Z=400.000) RuntimeGrid:None EditorOnly:0 RuntimeOnly:0 HLODRelevant:1 FolderPath:Inner walls FolderGuid:7FDD738B495D6F403C3D7084D9F95E77
 |   |   |- [+] [ 16]
 |   |   |   |- Guid:6F04136C493627DB6CC42EB35898768A BaseClass: NativeClass:/Script/Engine.StaticMeshActor Name:StaticMeshActor_UAID_40167EADD42AADBA01_1895194025 Label:Wall_400x405 SpatiallyLoaded:1 Bounds:IsValid=true, Min=(X=410.000 Y=4580.000 Z=0.000), Max=(X=3210.000 Y=4600.000 Z=400.000) RuntimeGrid:None EditorOnly:0 RuntimeOnly:0 HLODRelevant:1 FolderPath:Inner walls FolderGuid:7FDD738B495D6F403C3D7084D9F95E77
 |   |   |- [+] [ 17]
 |   |   |   |- Guid:1240BBB1487E4B6249E2299AC840D271 BaseClass: NativeClass:/Script/Engine.StaticMeshActor Name:StaticMeshActor_UAID_40167EADD42AADBA01_1973238026 Label:Wall_Door_400x401 SpatiallyLoaded:1 Bounds:IsValid=true, Min=(X=10.000 Y=4580.000 Z=0.000), Max=(X=410.000 Y=4600.000 Z=400.000) RuntimeGrid:None EditorOnly:0 RuntimeOnly:0 HLODRelevant:1 FolderPath:Inner walls FolderGuid:7FDD738B495D6F403C3D7084D9F95E77
 |   |   |- [+] [ 18]
 |   |   |   |- Guid:2A25ACB543E907CAD6FCA69C70835881 BaseClass: NativeClass:/Script/Engine.StaticMeshActor Name:StaticMeshActor_UAID_40167EADD42AADBA01_2097858027 Label:Wall_400x406 SpatiallyLoaded:1 Bounds:IsValid=true, Min=(X=30.000 Y=2140.000 Z=0.000), Max=(X=2730.000 Y=2160.000 Z=400.000) RuntimeGrid:None EditorOnly:0 RuntimeOnly:0 HLODRelevant:1 FolderPath:Inner walls FolderGuid:7FDD738B495D6F403C3D7084D9F95E77
 |   |   |- [+] [ 19]
 |   |   |   |- Guid:6B8683994055F7C2DC956E943E610E60 BaseClass: NativeClass:/Script/Engine.StaticMeshActor Name:StaticMeshActor_UAID_40167EADD42AAEBA01_1089295204 Label:Wall_Door_400x402 SpatiallyLoaded:1 Bounds:IsValid=true, Min=(X=2730.000 Y=2140.000 Z=0.000), Max=(X=3201.987 Y=2160.000 Z=400.000) RuntimeGrid:None EditorOnly:0 RuntimeOnly:0 HLODRelevant:1 FolderPath:Inner walls FolderGuid:7FDD738B495D6F403C3D7084D9F95E77
 |   |   |- [+] [ 20]
 |   |   |   |- Guid:C1FAE9E74D16A3CF1F0FAEB5D4683F53 BaseClass: NativeClass:/Script/Engine.StaticMeshActor Name:StaticMeshActor_UAID_40167EADD42AAEBA01_1683565205 Label:Box SpatiallyLoaded:1 Bounds:IsValid=true, Min=(X=10.000 Y=10.000 Z=8290.000), Max=(X=5000.000 Y=5000.000 Z=8340.000) RuntimeGrid:None EditorOnly:0 RuntimeOnly:0 HLODRelevant:0 FolderPath:Roof FolderGuid:EA49AC03431BFA04B82DB1A493E88EB0
 |   |   |- [+] [ 21]
 |   |   |   |- Guid:D4253DDD4F51B9BAB98D95A3ECC87683 BaseClass: NativeClass:/Script/Engine.StaticMeshActor Name:StaticMeshActor_UAID_40167EADD42AB0BA01_1258704563 Label:SM_DoorFrame3 SpatiallyLoaded:1 Bounds:IsValid=true, Min=(X=2884.660 Y=2134.496 Z=0.000), Max=(X=3040.890 Y=2159.475 Z=209.377) RuntimeGrid:None EditorOnly:0 RuntimeOnly:0 HLODRelevant:1 FolderPath:Doors and door frames FolderGuid:32D220F44C8D0F9EA3536EB234CFC75E
 |   |   |- [+] [ 22]
 |   |   |   |- Guid:D71861F6405A9263D6B5768BFE04781C BaseClass: NativeClass:/Script/Engine.StaticMeshActor Name:StaticMeshActor_UAID_40167EADD42AAFBA01_1694755382 Label:SM_Door SpatiallyLoaded:1 Bounds:IsValid=true, Min=(X=3209.251 Y=4728.977 Z=0.000), Max=(X=3229.241 Y=4830.138 Z=200.000) RuntimeGrid:None EditorOnly:0 RuntimeOnly:0 HLODRelevant:1 FolderPath:Doors and door frames FolderGuid:32D220F44C8D0F9EA3536EB234CFC75E
 |   |   |- [+] [ 23]
 |   |   |   |- Guid:667221C147D9411306D9C3A14E86807E BaseClass: NativeClass:/Script/Engine.StaticMeshActor Name:StaticMeshActor_UAID_40167EADD42AAFBA01_1710369383 Label:SM_DoorFrame SpatiallyLoaded:1 Bounds:IsValid=true, Min=(X=3197.581 Y=4717.875 Z=0.000), Max=(X=3222.419 Y=4842.125 Z=209.680) RuntimeGrid:None EditorOnly:0 RuntimeOnly:0 HLODRelevant:1 FolderPath:Doors and door frames FolderGuid:32D220F44C8D0F9EA3536EB234CFC75E
 |   |   |- [+] [ 24]
 |   |   |   |- Guid:D39FA343435AE77DC84260AD2E3F13A6 BaseClass: NativeClass:/Script/Engine.StaticMeshActor Name:StaticMeshActor_UAID_40167EADD42AAFBA01_2032403384 Label:SM_Door2 SpatiallyLoaded:1 Bounds:IsValid=true, Min=(X=159.472 Y=4578.434 Z=0.000), Max=(X=260.617 Y=4598.333 Z=200.000) RuntimeGrid:None EditorOnly:0 RuntimeOnly:0 HLODRelevant:1 FolderPath:Doors and door frames FolderGuid:32D220F44C8D0F9EA3536EB234CFC75E
 |   |   |- [+] [ 25]
 |   |   |   |- Guid:06DA2D4F479C2F2A6A15CDA0551F47F2 BaseClass: NativeClass:/Script/Engine.StaticMeshActor Name:StaticMeshActor_UAID_40167EADD42AAFBA01_2032406385 Label:SM_DoorFrame2 SpatiallyLoaded:1 Bounds:IsValid=true, Min=(X=147.389 Y=4576.286 Z=0.000), Max=(X=271.660 Y=4601.236 Z=209.680) RuntimeGrid:None EditorOnly:0 RuntimeOnly:0 HLODRelevant:1 FolderPath:Doors and door frames FolderGuid:32D220F44C8D0F9EA3536EB234CFC75E
 |   |   |- [+] [ 26]
 |   |   |   |- Guid:5191C2D2460363779A2EF4BE81D5EF99 BaseClass: NativeClass:/Script/Engine.StaticMeshActor Name:StaticMeshActor_UAID_40167EADD42AB0BA01_1258702562 Label:SM_Door3 SpatiallyLoaded:1 Bounds:IsValid=true, Min=(X=2898.108 Y=2137.635 Z=0.000), Max=(X=3022.889 Y=2157.214 Z=200.000) RuntimeGrid:None EditorOnly:0 RuntimeOnly:0 HLODRelevant:1 FolderPath:Doors and door frames FolderGuid:32D220F44C8D0F9EA3536EB234CFC75E
 |   |   |- [+] [ 27]
 |   |   |   |- Guid:7CE687D04420EDF3AC7F909FFB52A2A2 BaseClass:/Game/Instances/BPP_Seating_Areas.BPP_Seating_Areas_C NativeClass:/Script/Engine.PackedLevelActor Name:BPP_Seating_Areas_C_UAID_40167EADD42AB0BA01_2000096575 Label:Seating_Areas SpatiallyLoaded:1 Bounds:IsValid=true, Min=(X=3692.277 Y=3723.686 Z=0.000), Max=(X=4027.723 Y=4049.734 Z=115.351) RuntimeGrid:None EditorOnly:0 RuntimeOnly:0 HLODRelevant:1 FolderPath:Dambuster lounge funiture FolderGuid:A8C7086A48A0A9FE6D29AFB5ABF52D81
 |   |   |- [+] [ 28]
 |   |   |   |- Guid:04725674489397034280AB908A17DFA0 BaseClass:/Game/Instances/BPP_Seating_Areas.BPP_Seating_Areas_C NativeClass:/Script/Engine.PackedLevelActor Name:BPP_Seating_Areas_C_UAID_40167EADD42AB0BA01_2046567576 Label:BPP_Seating_Areas SpatiallyLoaded:1 Bounds:IsValid=true, Min=(X=3457.027 Y=1453.857 Z=0.000), Max=(X=3782.973 Y=1771.143 Z=115.351) RuntimeGrid:None EditorOnly:0 RuntimeOnly:0 HLODRelevant:1 FolderPath:Dambuster lounge funiture FolderGuid:A8C7086A48A0A9FE6D29AFB5ABF52D81
 |   |   |- [+] [ 29]
 |   |   |   |- Guid:5D901A4B462915722860DC837211109A BaseClass:/Game/Instances/BPP_Seating_Areas.BPP_Seating_Areas_C NativeClass:/Script/Engine.PackedLevelActor Name:BPP_Seating_Areas_C_UAID_40167EADD42AB0BA01_2076270577 Label:BPP_Seating_Areas2 SpatiallyLoaded:1 Bounds:IsValid=true, Min=(X=3455.698 Y=3158.686 Z=0.000), Max=(X=3784.302 Y=3477.894 Z=115.351) RuntimeGrid:None EditorOnly:0 RuntimeOnly:0 HLODRelevant:1 FolderPath:Dambuster lounge funiture FolderGuid:A8C7086A48A0A9FE6D29AFB5ABF52D81
 |   |   |- [+] [ 30]
 |   |   |   |- Guid:2FA8E7A7410A74E85A5B5E8A26203CAF BaseClass:/Game/Instances/BPP_Seating_Areas.BPP_Seating_Areas_C NativeClass:/Script/Engine.PackedLevelActor Name:BPP_Seating_Areas_C_UAID_40167EADD42AB0BA01_2096769578 Label:Seating_Areas2 SpatiallyLoaded:1 Bounds:IsValid=true, Min=(X=4346.729 Y=3748.773 Z=0.000), Max=(X=4653.271 Y=4047.655 Z=115.351) RuntimeGrid:None EditorOnly:0 RuntimeOnly:0 HLODRelevant:1 FolderPath:Dambuster lounge funiture FolderGuid:A8C7086A48A0A9FE6D29AFB5ABF52D81
 |   |   |- [+] [ 31]
 |   |   |   |- Guid:F5FC096348DC80288AD08581AB5A56E9 BaseClass:/Game/Instances/BPP_Seating_Areas.BPP_Seating_Areas_C NativeClass:/Script/Engine.PackedLevelActor Name:BPP_Seating_Areas_C_UAID_40167EADD42AB0BA01_2129766579 Label:BPP_Seating_Areas3 SpatiallyLoaded:1 Bounds:IsValid=true, Min=(X=3945.698 Y=3168.686 Z=0.000), Max=(X=4274.302 Y=3487.894 Z=115.351) RuntimeGrid:None EditorOnly:0 RuntimeOnly:0 HLODRelevant:1 FolderPath:Dambuster lounge funiture FolderGuid:A8C7086A48A0A9FE6D29AFB5ABF52D81
 |   |   |- [+] [ 32]
 |   |   |   |- Guid:9A957FEE48DC4A7E08741FBC4B9A4BAC BaseClass:/Game/Instances/BPP_Seating_Areas.BPP_Seating_Areas_C NativeClass:/Script/Engine.PackedLevelActor Name:BPP_Seating_Areas_C_UAID_40167EADD42AB0BA01_2136126580 Label:BPP_Seating_Areas4 SpatiallyLoaded:1 Bounds:IsValid=true, Min=(X=4525.698 Y=3178.686 Z=0.000), Max=(X=4854.302 Y=3497.894 Z=115.351) RuntimeGrid:None EditorOnly:0 RuntimeOnly:0 HLODRelevant:1 FolderPath:Dambuster lounge funiture FolderGuid:A8C7086A48A0A9FE6D29AFB5ABF52D81
 |   |   |- [+] [ 33]
 |   |   |   |- Guid:931AA5B04DC78865BA2287AACB7EE359 BaseClass:/Game/Instances/BPP_Seating_Areas.BPP_Seating_Areas_C NativeClass:/Script/Engine.PackedLevelActor Name:BPP_Seating_Areas_C_UAID_40167EADD42AB0BA01_2142202581 Label:BPP_Seating_Areas5 SpatiallyLoaded:1 Bounds:IsValid=true, Min=(X=4145.698 Y=2588.686 Z=0.000), Max=(X=4474.302 Y=2907.894 Z=115.351) RuntimeGrid:None EditorOnly:0 RuntimeOnly:0 HLODRelevant:1 FolderPath:Dambuster lounge funiture FolderGuid:A8C7086A48A0A9FE6D29AFB5ABF52D81
 |   |   |- [+] [ 34]
 |   |   |   |- Guid:5301EAD043FC9A7D79050DA50145AC11 BaseClass:/Game/Instances/BPP_Seating_Areas.BPP_Seating_Areas_C NativeClass:/Script/Engine.PackedLevelActor Name:BPP_Seating_Areas_C_UAID_40167EADD42AB1BA01_1076008758 Label:BPP_Seating_Areas6 SpatiallyLoaded:1 Bounds:IsValid=true, Min=(X=3555.698 Y=2598.686 Z=0.000), Max=(X=3884.302 Y=2917.894 Z=115.351) RuntimeGrid:None EditorOnly:0 RuntimeOnly:0 HLODRelevant:1 FolderPath:Dambuster lounge funiture FolderGuid:A8C7086A48A0A9FE6D29AFB5ABF52D81
 |   |   |- [+] [ 35]
 |   |   |   |- Guid:ABB26F56406BC5CC8A11E8A2A5D2BCD7 BaseClass:/Game/Instances/BPP_Seating_Areas.BPP_Seating_Areas_C NativeClass:/Script/Engine.PackedLevelActor Name:BPP_Seating_Areas_C_UAID_40167EADD42AB1BA01_1082710759 Label:BPP_Seating_Areas7 SpatiallyLoaded:1 Bounds:IsValid=true, Min=(X=3695.698 Y=2008.686 Z=0.000), Max=(X=4024.302 Y=2327.894 Z=115.351) RuntimeGrid:None EditorOnly:0 RuntimeOnly:0 HLODRelevant:1 FolderPath:Dambuster lounge funiture FolderGuid:A8C7086A48A0A9FE6D29AFB5ABF52D81
 |   |   |- [+] [ 36]
 |   |   |   |- Guid:E1A3FF0E47891459733BDCB5DC67087E BaseClass:/Game/Instances/BPP_Seating_Areas.BPP_Seating_Areas_C NativeClass:/Script/Engine.PackedLevelActor Name:BPP_Seating_Areas_C_UAID_40167EADD42AB1BA01_1089269760 Label:BPP_Seating_Areas8 SpatiallyLoaded:1 Bounds:IsValid=true, Min=(X=4255.698 Y=1738.686 Z=0.000), Max=(X=4584.302 Y=2057.894 Z=115.351) RuntimeGrid:None EditorOnly:0 RuntimeOnly:0 HLODRelevant:1 FolderPath:Dambuster lounge funiture FolderGuid:A8C7086A48A0A9FE6D29AFB5ABF52D81
 |   |   |- [+] [ 37]
 |   |   |   |- Guid:2E8A23B34A68149A39169A86C5B5E3E7 BaseClass:/Game/Instances/BPP_Seating_Areas.BPP_Seating_Areas_C NativeClass:/Script/Engine.PackedLevelActor Name:BPP_Seating_Areas_C_UAID_40167EADD42AB1BA01_1094662761 Label:BPP_Seating_Areas9 SpatiallyLoaded:1 Bounds:IsValid=true, Min=(X=4575.698 Y=2228.686 Z=0.000), Max=(X=4904.302 Y=2547.894 Z=115.351) RuntimeGrid:None EditorOnly:0 RuntimeOnly:0 HLODRelevant:1 FolderPath:Dambuster lounge funiture FolderGuid:A8C7086A48A0A9FE6D29AFB5ABF52D81
 |   |   |- [+] [ 38]
 |   |   |   |- Guid:6ACF73AB4F006391570AC3BEC08D92BA BaseClass:/Game/Instances/BPP_Seating_Areas.BPP_Seating_Areas_C NativeClass:/Script/Engine.PackedLevelActor Name:BPP_Seating_Areas_C_UAID_40167EADD42AB1BA01_1144661762 Label:BPP_Seating_Areas10 SpatiallyLoaded:1 Bounds:IsValid=true, Min=(X=3600.201 Y=903.156 Z=0.000), Max=(X=3886.227 Y=1196.844 Z=115.351) RuntimeGrid:None EditorOnly:0 RuntimeOnly:0 HLODRelevant:1 FolderPath:Dambuster lounge funiture FolderGuid:A8C7086A48A0A9FE6D29AFB5ABF52D81
 |   |   |- [+] [ 39]
 |   |   |   |- Guid:335640EF428CA8CF513B4C8D0201ACD3 BaseClass:/Game/Instances/BPP_Seating_Areas.BPP_Seating_Areas_C NativeClass:/Script/Engine.PackedLevelActor Name:BPP_Seating_Areas_C_UAID_40167EADD42AB1BA01_1155525763 Label:BPP_Seating_Areas11 SpatiallyLoaded:1 Bounds:IsValid=true, Min=(X=4250.201 Y=993.156 Z=0.000), Max=(X=4536.227 Y=1286.844 Z=115.351) RuntimeGrid:None EditorOnly:0 RuntimeOnly:0 HLODRelevant:1 FolderPath:Dambuster lounge funiture FolderGuid:A8C7086A48A0A9FE6D29AFB5ABF52D81
 |   |   |- [+] [ 40]
 |   |   |   |- Guid:A0461E2544F7EF717CB62ABBD18BE1F5 BaseClass:/Game/Instances/BPP_Seating_Areas.BPP_Seating_Areas_C NativeClass:/Script/Engine.PackedLevelActor Name:BPP_Seating_Areas_C_UAID_40167EADD42AB1BA01_1171615764 Label:BPP_Seating_Areas12 SpatiallyLoaded:1 Bounds:IsValid=true, Min=(X=4600.201 Y=533.156 Z=0.000), Max=(X=4886.227 Y=826.844 Z=115.351) RuntimeGrid:None EditorOnly:0 RuntimeOnly:0 HLODRelevant:1 FolderPath:Dambuster lounge funiture FolderGuid:A8C7086A48A0A9FE6D29AFB5ABF52D81
 |   |   |- [+] [ 41]
 |   |   |   |- Guid:A8DF741B4D0CFF7929017E8D5A2364A2 BaseClass:/Game/Instances/BPP_Seating_Areas.BPP_Seating_Areas_C NativeClass:/Script/Engine.PackedLevelActor Name:BPP_Seating_Areas_C_UAID_40167EADD42AB1BA01_1179640765 Label:BPP_Seating_Areas13 SpatiallyLoaded:1 Bounds:IsValid=true, Min=(X=4030.201 Y=233.156 Z=0.000), Max=(X=4316.227 Y=526.844 Z=115.351) RuntimeGrid:None EditorOnly:0 RuntimeOnly:0 HLODRelevant:1 FolderPath:Dambuster lounge funiture FolderGuid:A8C7086A48A0A9FE6D29AFB5ABF52D81
 |- ContainerInstances:
 |- [+] MainContainer:
 |   |-        ID: 0x0000000000000000
 |   |-    Bounds: IsValid=false, Min=(X=0.000 Y=0.000 Z=0.000), Max=(X=0.000 Y=0.000 Z=0.000)
 |   |- Transform: 0.000000,0.000000,0.000000|0.000000,0.000000,-0.000000|1.000000,1.000000,1.000000
 |   |- Container: /Game/FirstPerson/Maps/FirstPersonMap
----------------------------------------------------------------------------------------------------------------
FirstPersonMap - Persistent Level
----------------------------------------------------------------------------------------------------------------
Always loaded Actor Count: 55 

----------------------------------------------------------------------------------------------------------------
FirstPersonMap - Runtime Spatial Hash - Streaming Grid - MainGrid
----------------------------------------------------------------------------------------------------------------
            Origin: X=0.000 Y=0.000 Z=0.000
         Cell Size: 12800
      World Bounds: IsValid=false, Min=(X=0.000 Y=0.000 Z=0.000), Max=(X=0.000 Y=0.000 Z=0.000)
     Loading Range: 25600.00
Block Slow Loading: No
 ClientOnlyVisible: No

[+] Grid Levels: 1
 |- Level  0: Cell Count    0 | Cell Size   12800 | Actor Count    0 (0.0%)

[+] Content of Grid Level 0

